2020-04-27 11:59:07,225 INFO: Microblog startup [in /Users/sridharvanaparthi/projects/flaskmegamig/flaskblog/myapp/__init__.py:54]
2020-04-27 12:02:24,707 INFO: Microblog startup [in /Users/sridharvanaparthi/projects/flaskmegamig/flaskblog/myapp/__init__.py:54]
2020-04-27 12:02:40,128 INFO: Microblog startup [in /Users/sridharvanaparthi/projects/flaskmegamig/flaskblog/myapp/__init__.py:54]
2020-04-27 12:15:33,534 INFO: Microblog startup [in /Users/sridharvanaparthi/projects/flaskmegamig/flaskblog/myapp/__init__.py:54]
2020-04-27 12:26:24,956 INFO: Microblog startup [in /Users/sridharvanaparthi/projects/flaskmegamig/flaskblog/myapp/__init__.py:54]
2020-04-27 13:01:02,877 INFO: Microblog startup [in /Users/sridharvanaparthi/projects/flaskmegamig/flaskblog/myapp/__init__.py:54]
2020-04-27 13:01:32,930 INFO: Microblog startup [in /Users/sridharvanaparthi/projects/flaskmegamig/flaskblog/myapp/__init__.py:54]
2020-04-27 13:02:01,323 INFO: Microblog startup [in /Users/sridharvanaparthi/projects/flaskmegamig/flaskblog/myapp/__init__.py:54]
2020-04-27 13:36:52,906 INFO: Microblog startup [in /Users/sridharvanaparthi/projects/flaskmegamig/flaskblog/myapp/__init__.py:54]
2020-04-27 13:58:42,030 INFO: Microblog startup [in /Users/sridharvanaparthi/projects/flaskmegamig/flaskblog/myapp/__init__.py:54]
2020-04-27 14:31:06,671 INFO: Microblog startup [in /Users/sridharvanaparthi/projects/flaskmegamig/flaskblog/myapp/__init__.py:54]
2020-04-27 14:37:22,244 INFO: Microblog startup [in /Users/sridharvanaparthi/projects/flaskmegamig/flaskblog/myapp/__init__.py:54]
2020-04-27 14:42:39,206 INFO: Microblog startup [in /Users/sridharvanaparthi/projects/flaskmegamig/flaskblog/myapp/__init__.py:54]
2020-04-27 14:44:08,427 INFO: Microblog startup [in /Users/sridharvanaparthi/projects/flaskmegamig/flaskblog/myapp/__init__.py:54]
2020-04-27 14:44:19,655 INFO: Microblog startup [in /Users/sridharvanaparthi/projects/flaskmegamig/flaskblog/myapp/__init__.py:54]
2020-04-27 14:45:49,905 ERROR: Exception on /translate [POST] [in /Users/sridharvanaparthi/projects/flaskmegamig/flaskblog/venv/lib/python3.8/site-packages/flask/app.py:1891]
Traceback (most recent call last):
  File "/Users/sridharvanaparthi/projects/flaskmegamig/flaskblog/venv/lib/python3.8/site-packages/flask/app.py", line 2447, in wsgi_app
    response = self.full_dispatch_request()
  File "/Users/sridharvanaparthi/projects/flaskmegamig/flaskblog/venv/lib/python3.8/site-packages/flask/app.py", line 1952, in full_dispatch_request
    rv = self.handle_user_exception(e)
  File "/Users/sridharvanaparthi/projects/flaskmegamig/flaskblog/venv/lib/python3.8/site-packages/flask/app.py", line 1821, in handle_user_exception
    reraise(exc_type, exc_value, tb)
  File "/Users/sridharvanaparthi/projects/flaskmegamig/flaskblog/venv/lib/python3.8/site-packages/flask/_compat.py", line 39, in reraise
    raise value
  File "/Users/sridharvanaparthi/projects/flaskmegamig/flaskblog/venv/lib/python3.8/site-packages/flask/app.py", line 1950, in full_dispatch_request
    rv = self.dispatch_request()
  File "/Users/sridharvanaparthi/projects/flaskmegamig/flaskblog/venv/lib/python3.8/site-packages/flask/app.py", line 1936, in dispatch_request
    return self.view_functions[rule.endpoint](**req.view_args)
  File "/Users/sridharvanaparthi/projects/flaskmegamig/flaskblog/venv/lib/python3.8/site-packages/flask_login/utils.py", line 272, in decorated_view
    return func(*args, **kwargs)
  File "/Users/sridharvanaparthi/projects/flaskmegamig/flaskblog/myapp/routes.py", line 200, in translate_text
    return jsonify({'text': translate(request.form['text'],
NameError: name 'translate' is not defined
2020-04-27 14:47:20,792 INFO: Microblog startup [in /Users/sridharvanaparthi/projects/flaskmegamig/flaskblog/myapp/__init__.py:54]
2020-04-27 14:48:07,568 INFO: Microblog startup [in /Users/sridharvanaparthi/projects/flaskmegamig/flaskblog/myapp/__init__.py:54]
2020-04-27 14:48:30,365 INFO: Microblog startup [in /Users/sridharvanaparthi/projects/flaskmegamig/flaskblog/myapp/__init__.py:54]
2020-04-27 14:49:32,109 INFO: Microblog startup [in /Users/sridharvanaparthi/projects/flaskmegamig/flaskblog/myapp/__init__.py:54]
2020-04-27 14:49:53,162 INFO: Microblog startup [in /Users/sridharvanaparthi/projects/flaskmegamig/flaskblog/myapp/__init__.py:54]
